<?xml version="1.0" encoding="UTF-8"?>
<!-- Generated by org.testng.reporters.JUnitReportReporter -->
<testsuite hostname="MLBMYSL-108528" failures="0" tests="1" name="TestNG.TC_WebDriverTestng" time="19.036" errors="0" timestamp="2023-12-19T18:13:41 IST" skipped="0">
  <testcase classname="TestNG.TC_WebDriverTestng" name="Login" time="19.036"/>
  <system-out>
    <![CDATA[Test Case Steps started]]>
  </system-out>
</testsuite> <!-- TestNG.TC_WebDriverTestng -->
