<?xml version="1.0" encoding="UTF-8"?>
<!-- Generated by org.testng.reporters.JUnitReportReporter -->
<testsuite hostname="MLBMYSL-108528" failures="0" tests="2" name="TestNG.TC_TestNG1" time="0.009" errors="0" timestamp="2023-12-20T18:23:36 IST" skipped="0">
  <testcase classname="TestNG.TC_TestNG1" name="login" time="0.004"/>
  <system-out/>
  <testcase classname="TestNG.TC_TestNG1" name="logout" time="0.005"/>
  <system-out/>
</testsuite> <!-- TestNG.TC_TestNG1 -->
