<?xml version="1.0" encoding="UTF-8"?>
<!-- Generated by org.testng.reporters.JUnitReportReporter -->
<testsuite hostname="MLBMYSL-108528" failures="0" tests="2" name="TestNG.TC_ParallelTest" time="47.490" errors="0" timestamp="2023-12-27T23:37:23 IST" skipped="0">
  <testcase classname="TestNG.TC_ParallelTest" name="openFF" time="34.648"/>
  <system-out>
    <![CDATA[Opened HRMS application in Firefox Browser]]>
  </system-out>
  <testcase classname="TestNG.TC_ParallelTest" name="openFF" time="12.842"/>
  <system-out>
    <![CDATA[Opened HRMS application in Firefox Browser]]>
  </system-out>
</testsuite> <!-- TestNG.TC_ParallelTest -->
