<?xml version="1.0" encoding="UTF-8"?>
<!-- Generated by org.testng.reporters.JUnitReportReporter -->
<testsuite hostname="MLBMYSL-108528" failures="0" tests="2" name="TestNG.AnnontationsOrder" time="0.041" errors="0" timestamp="2023-12-20T18:23:36 IST" skipped="0">
  <testcase classname="TestNG.AnnontationsOrder" name="testCase2" time="0.007"/>
  <system-out/>
  <testcase classname="TestNG.AnnontationsOrder" name="testCase1" time="0.034"/>
  <system-out/>
</testsuite> <!-- TestNG.AnnontationsOrder -->
