<?xml version="1.0" encoding="UTF-8"?>
<!-- Generated by org.testng.reporters.JUnitReportReporter -->
<testsuite hostname="MLBMYSL-108528" failures="0" tests="2" name="TestNG.TC_Priority" time="0.010" errors="0" timestamp="2023-12-16T16:17:02 IST" skipped="0">
  <testcase classname="TestNG.TC_Priority" name="delemp" time="0.008"/>
  <system-out/>
  <testcase classname="TestNG.TC_Priority" name="addemp" time="0.002"/>
  <system-out/>
</testsuite> <!-- TestNG.TC_Priority -->
